


materialPath: C:\Program Files (x86)\Steam\steamapps\common\Counter-Strike Global Offensive\csgo\materials
Loading C:\Program Files (x86)\Steam\steamapps\common\Counter-Strike Global Offensive\sdk_content\maps\newmap2.vmf
Map revision 805
fixing up env_cubemap materials on brush sides...
0...1...2...3...4...5...6...7...8...9...100...1...2...3...4...5...6...7...8...9...10Processing areas...done (0)
Building Faces...done (0)
FixTjuncs...
PruneNodes...
WriteBSP...
done (0)
writing C:\Program Files (x86)\Steam\steamapps\common\Counter-Strike Global Offensive\sdk_content\maps\newmap2.prt...Building visibility clusters...
done (0)
Finding displacement neighbors...
Finding lightmap sample positions...
Displacement Alpha : 0...1...2...3...4...5...6...7...8...9...10
Building Physics collision data...
done (0) (14122 bytes)
Placing detail props : 0...1...2...3...4...5...6...7...8...9...10
Compacting texture/material tables...
Reduced 20 texinfos to 17
Reduced 4 texdatas to 4 (83 bytes to 83)
Writing C:\Program Files (x86)\Steam\steamapps\common\Counter-Strike Global Offensive\sdk_content\maps\newmap2.bsp
MSG_FILEWRITE - Filesystem was asked to write to 'c:\program files (x86)\steam\steamapps\common\counter-strike global offensive\sdk_content\maps\newmap2.bsp', but we don't own that location. Allowing.
0 seconds elapsed



8 threads
reading c:\program files (x86)\steam\steamapps\common\counter-strike global offensive\sdk_content\maps\newmap2.bsp
reading c:\program files (x86)\steam\steamapps\common\counter-strike global offensive\sdk_content\maps\newmap2.prt
  92 portalclusters
 266 numportals
0...1...2...3...4...5...6...7...8...9...10Optimized: 81 visible clusters (0.00%)
Total clusters visible: 8057
Average clusters visible: 87
Building PAS...
Average clusters audible: 92
visdatasize:2948  compressed from 2944
writing c:\program files (x86)\steam\steamapps\common\counter-strike global offensive\sdk_content\maps\newmap2.bsp
MSG_FILEWRITE - Filesystem was asked to write to 'c:\program files (x86)\steam\steamapps\common\counter-strike global offensive\sdk_content\maps\newmap2.bsp', but we don't own that location. Allowing.
0 seconds elapsed



[Reading texlights from 'lights.rad']
[17 texlights parsed from 'lights.rad']

Loading c:\program files (x86)\steam\steamapps\common\counter-strike global offensive\sdk_content\maps\newmap2.bsp
256 faces
680755 square feet [98028736.00 square inches]
0 Displacements
0 Square Feet [0.00 Square Inches]
256 patches before subdivision
2038 patches after subdivision
2 direct lights
0...1...2...3...4...5...6...7...8...9...100...1...2...3...4...5...6...7...8...9...10transfers 33761, max 126
transfer lists:   0.3 megs
0...1...2...3...4...5...6...7...8...9...10	Bounce #1 added RGB(8251, 8536, 8129)
0...1...2...3...4...5...6...7...8...9...10	Bounce #2 added RGB(663, 665, 609)
0...1...2...3...4...5...6...7...8...9...10	Bounce #3 added RGB(121, 122, 112)
0...1...2...3...4...5...6...7...8...9...10	Bounce #4 added RGB(12, 12, 10)
0...1...2...3...4...5...6...7...8...9...10	Bounce #5 added RGB(2, 2, 2)
0...1...2...3...4...5...6...7...8...9...10	Bounce #6 added RGB(0, 0, 0)
Build Patch/Sample Hash Table(s).....Done<0.0003 sec>
0...1...2...3...4...5...6...7...8...9...10FinalLightFace Done
0 of 0 (0% of) surface lights went in leaf ambient cubes.
0...1...2...3...4...5...6...7...8...9...10Writing leaf ambient...done
Ready to Finish

Object names       Objects/Maxobjs  Memory / Maxmem  Fullness 
------------       ---------------  ---------------  -------- 
models                   1/1024           48/49152    ( 0.1%) 
brushes                 39/8192          468/98304    ( 0.5%) 
brushsides             271/81920        2168/655360   ( 0.3%) 
planes                 194/65536        3880/1310720  ( 0.3%) 
vertexes               349/65536        4188/786432   ( 0.5%) 
nodes                  239/65536        7648/2097152  ( 0.4%) 
texinfos                17/12288        1224/884736   ( 0.1%) 
texdata                  4/4096          128/131072   ( 0.1%) 
dispinfos                0/0               0/0        ( 0.0%) 
disp_verts               0/0               0/0        ( 0.0%) 
disp_tris                0/0               0/0        ( 0.0%) 
disp_multiblend          0/0               0/0        ( 0.0%) 
disp_lmsamples           0/0               0/0        ( 0.0%) 
faces                  256/65536       14336/3670016  ( 0.4%) 
hdr faces                0/65536           0/3670016  ( 0.0%) 
origfaces              121/65536        6776/3670016  ( 0.2%) 
facebrushes             61/0             122/0        ( 0.0%) 
facebrushlists         256/0            1024/0        ( 0.0%) 
leaves                 241/65536        7712/2097152  ( 0.4%) 
leaffaces              272/65536         544/131072   ( 0.4%) 
leafbrushes            146/65536         292/131072   ( 0.2%) 
areas                    2/1024           16/8192     ( 0.2%) 
surfedges             1611/512000       6444/2048000  ( 0.3%) 
edges                  887/256000       3548/1024000  ( 0.3%) 
LDR worldlights          2/8192          200/819200   ( 0.0%) 
HDR worldlights          0/8192            0/819200   ( 0.0%) 
leafwaterdata            0/32768           0/393216   ( 0.0%) 
waterstrips             17/32768         170/327680   ( 0.1%) 
waterverts               0/65536           0/786432   ( 0.0%) 
waterindices           186/65536         372/131072   ( 0.3%) 
cubemapsamples           0/1024            0/16384    ( 0.0%) 
overlays                 0/1024            0/360448   ( 0.0%) 
LDR lightdata         [variable]       95924/0        ( 0.0%) 
HDR lightdata         [variable]           0/0        ( 0.0%) 
visdata               [variable]        2948/16777216 ( 0.0%) 
entdata               [variable]        1961/393216   ( 0.5%) 
LDR ambient table      241/65536         964/262144   ( 0.4%) 
HDR ambient table      241/65536         964/262144   ( 0.4%) 
LDR leaf ambient       932/65536       26096/1835008  ( 1.4%) 
HDR leaf ambient       241/65536        6748/1835008  ( 0.4%) 
occluders                0/0               0/0        ( 0.0%) 
occluder polygons        0/0               0/0        ( 0.0%) 
occluder vert ind        0/0               0/0        ( 0.0%) 
detail props          [variable]           1/12       ( 8.3%) 
static props          [variable]           1/12       ( 8.3%) 
pakfile               [variable]       74426/0        ( 0.0%) 
physics               [variable]       14122/4194304  ( 0.3%) 
physics terrain       [variable]           2/1048576  ( 0.0%) 

Level flags = 7c

Total triangle count: 614
Writing c:\program files (x86)\steam\steamapps\common\counter-strike global offensive\sdk_content\maps\newmap2.bsp
MSG_FILEWRITE - Filesystem was asked to write to 'c:\program files (x86)\steam\steamapps\common\counter-strike global offensive\sdk_content\maps\newmap2.bsp', but we don't own that location. Allowing.
1 second elapsed



materialPath: C:\Program Files (x86)\Steam\steamapps\common\Counter-Strike Global Offensive\csgo\materials
Loading C:\Program Files (x86)\Steam\steamapps\common\Counter-Strike Global Offensive\sdk_content\maps\newmap2.vmf
Map revision 807
fixing up env_cubemap materials on brush sides...
0...1...2...3...4...5...6...7...8...9...100...1...2...3...4...5...6...7...8...9...10Processing areas...done (0)
Building Faces...done (0)
FixTjuncs...
PruneNodes...
WriteBSP...
done (0)
writing C:\Program Files (x86)\Steam\steamapps\common\Counter-Strike Global Offensive\sdk_content\maps\newmap2.prt...Building visibility clusters...
done (0)
Finding displacement neighbors...
Finding lightmap sample positions...
Displacement Alpha : 0...1...2...3...4...5...6...7...8...9...10
Building Physics collision data...
done (0) (16442 bytes)
Placing detail props : 0...1...2...3...4...5...6...7...8...9...10
Compacting texture/material tables...
Reduced 23 texinfos to 20
Reduced 5 texdatas to 5 (104 bytes to 104)
Writing C:\Program Files (x86)\Steam\steamapps\common\Counter-Strike Global Offensive\sdk_content\maps\newmap2.bsp
MSG_FILEWRITE - Filesystem was asked to write to 'c:\program files (x86)\steam\steamapps\common\counter-strike global offensive\sdk_content\maps\newmap2.bsp', but we don't own that location. Allowing.
0 seconds elapsed



8 threads
reading c:\program files (x86)\steam\steamapps\common\counter-strike global offensive\sdk_content\maps\newmap2.bsp
reading c:\program files (x86)\steam\steamapps\common\counter-strike global offensive\sdk_content\maps\newmap2.prt
 100 portalclusters
 301 numportals
0...1...2...3...4...5...6...7...8...9...10Optimized: 209 visible clusters (0.00%)
Total clusters visible: 8731
Average clusters visible: 87
Building PAS...
Average clusters audible: 100
visdatasize:3417  compressed from 3200
writing c:\program files (x86)\steam\steamapps\common\counter-strike global offensive\sdk_content\maps\newmap2.bsp
MSG_FILEWRITE - Filesystem was asked to write to 'c:\program files (x86)\steam\steamapps\common\counter-strike global offensive\sdk_content\maps\newmap2.bsp', but we don't own that location. Allowing.
0 seconds elapsed



[Reading texlights from 'lights.rad']
[17 texlights parsed from 'lights.rad']

Loading c:\program files (x86)\steam\steamapps\common\counter-strike global offensive\sdk_content\maps\newmap2.bsp
285 faces
683500 square feet [98424016.00 square inches]
0 Displacements
0 Square Feet [0.00 Square Inches]
285 patches before subdivision
2491 patches after subdivision
2 direct lights
0...1...2...3...4...5...6...7...8...9...100...1...2...3...4...5...6...7...8...9...10transfers 50658, max 172
transfer lists:   0.4 megs
0...1...2...3...4...5...6...7...8...9...10	Bounce #1 added RGB(14992, 15061, 13829)
0...1...2...3...4...5...6...7...8...9...10	Bounce #2 added RGB(2240, 2179, 1917)
0...1...2...3...4...5...6...7...8...9...10	Bounce #3 added RGB(485, 470, 412)
0...1...2...3...4...5...6...7...8...9...10	Bounce #4 added RGB(92, 88, 76)
0...1...2...3...4...5...6...7...8...9...10	Bounce #5 added RGB(21, 20, 17)
0...1...2...3...4...5...6...7...8...9...10	Bounce #6 added RGB(5, 4, 4)
0...1...2...3...4...5...6...7...8...9...10	Bounce #7 added RGB(1, 1, 1)
0...1...2...3...4...5...6...7...8...9...10	Bounce #8 added RGB(0, 0, 0)
Build Patch/Sample Hash Table(s).....Done<0.0004 sec>
0...1...2...3...4...5...6...7...8...9...10FinalLightFace Done
0 of 0 (0% of) surface lights went in leaf ambient cubes.
0...1...2...3...4...5...6...7...8...9...10Writing leaf ambient...done
Ready to Finish

Object names       Objects/Maxobjs  Memory / Maxmem  Fullness 
------------       ---------------  ---------------  -------- 
models                   1/1024           48/49152    ( 0.1%) 
brushes                 45/8192          540/98304    ( 0.5%) 
brushsides             315/81920        2520/655360   ( 0.4%) 
planes                 214/65536        4280/1310720  ( 0.3%) 
vertexes               385/65536        4620/786432   ( 0.6%) 
nodes                  255/65536        8160/2097152  ( 0.4%) 
texinfos                20/12288        1440/884736   ( 0.2%) 
texdata                  5/4096          160/131072   ( 0.1%) 
dispinfos                0/0               0/0        ( 0.0%) 
disp_verts               0/0               0/0        ( 0.0%) 
disp_tris                0/0               0/0        ( 0.0%) 
disp_multiblend          0/0               0/0        ( 0.0%) 
disp_lmsamples           0/0               0/0        ( 0.0%) 
faces                  285/65536       15960/3670016  ( 0.4%) 
hdr faces                0/65536           0/3670016  ( 0.0%) 
origfaces              142/65536        7952/3670016  ( 0.2%) 
facebrushes             73/0             146/0        ( 0.0%) 
facebrushlists         285/0            1140/0        ( 0.0%) 
leaves                 257/65536        8224/2097152  ( 0.4%) 
leaffaces              302/65536         604/131072   ( 0.5%) 
leafbrushes            160/65536         320/131072   ( 0.2%) 
areas                    2/1024           16/8192     ( 0.2%) 
surfedges             1837/512000       7348/2048000  ( 0.4%) 
edges                 1007/256000       4028/1024000  ( 0.4%) 
LDR worldlights          2/8192          200/819200   ( 0.0%) 
HDR worldlights          0/8192            0/819200   ( 0.0%) 
leafwaterdata            0/32768           0/393216   ( 0.0%) 
waterstrips             20/32768         200/327680   ( 0.1%) 
waterverts               0/65536           0/786432   ( 0.0%) 
waterindices           228/65536         456/131072   ( 0.3%) 
cubemapsamples           0/1024            0/16384    ( 0.0%) 
overlays                 0/1024            0/360448   ( 0.0%) 
LDR lightdata         [variable]      113640/0        ( 0.0%) 
HDR lightdata         [variable]           0/0        ( 0.0%) 
visdata               [variable]        3417/16777216 ( 0.0%) 
entdata               [variable]        1958/393216   ( 0.5%) 
LDR ambient table      257/65536        1028/262144   ( 0.4%) 
HDR ambient table      257/65536        1028/262144   ( 0.4%) 
LDR leaf ambient      1031/65536       28868/1835008  ( 1.6%) 
HDR leaf ambient       257/65536        7196/1835008  ( 0.4%) 
occluders                0/0               0/0        ( 0.0%) 
occluder polygons        0/0               0/0        ( 0.0%) 
occluder vert ind        0/0               0/0        ( 0.0%) 
detail props          [variable]           1/12       ( 8.3%) 
static props          [variable]           1/12       ( 8.3%) 
pakfile               [variable]       74426/0        ( 0.0%) 
physics               [variable]       16442/4194304  ( 0.4%) 
physics terrain       [variable]           2/1048576  ( 0.0%) 

Level flags = 7c

Total triangle count: 698
Writing c:\program files (x86)\steam\steamapps\common\counter-strike global offensive\sdk_content\maps\newmap2.bsp
MSG_FILEWRITE - Filesystem was asked to write to 'c:\program files (x86)\steam\steamapps\common\counter-strike global offensive\sdk_content\maps\newmap2.bsp', but we don't own that location. Allowing.
1 second elapsed



materialPath: C:\Program Files (x86)\Steam\steamapps\common\Counter-Strike Global Offensive\csgo\materials
Loading C:\Program Files (x86)\Steam\steamapps\common\Counter-Strike Global Offensive\sdk_content\maps\newmap2.vmf
Map revision 808
fixing up env_cubemap materials on brush sides...
0...1...2...3...4...5...6...7...8...9...100...1...2...3...4...5...6...7...8...9...10Processing areas...done (0)
Building Faces...done (0)
FixTjuncs...
PruneNodes...
WriteBSP...
done (0)
writing C:\Program Files (x86)\Steam\steamapps\common\Counter-Strike Global Offensive\sdk_content\maps\newmap2.prt...Building visibility clusters...
done (0)
Finding displacement neighbors...
Finding lightmap sample positions...
Displacement Alpha : 0...1...2...3...4...5...6...7...8...9...10
Building Physics collision data...
done (0) (19139 bytes)
Placing detail props : 0...1...2...3...4...5...6...7...8...9...10
Compacting texture/material tables...
Reduced 26 texinfos to 23
Reduced 6 texdatas to 6 (124 bytes to 124)
Writing C:\Program Files (x86)\Steam\steamapps\common\Counter-Strike Global Offensive\sdk_content\maps\newmap2.bsp
MSG_FILEWRITE - Filesystem was asked to write to 'c:\program files (x86)\steam\steamapps\common\counter-strike global offensive\sdk_content\maps\newmap2.bsp', but we don't own that location. Allowing.
0 seconds elapsed



8 threads
reading c:\program files (x86)\steam\steamapps\common\counter-strike global offensive\sdk_content\maps\newmap2.bsp
reading c:\program files (x86)\steam\steamapps\common\counter-strike global offensive\sdk_content\maps\newmap2.prt
 121 portalclusters
 364 numportals
0...1...2...3...4...5...6...7...8...9...10Optimized: 345 visible clusters (0.00%)
Total clusters visible: 13284
Average clusters visible: 109
Building PAS...
Average clusters audible: 121
visdatasize:4856  compressed from 3872
writing c:\program files (x86)\steam\steamapps\common\counter-strike global offensive\sdk_content\maps\newmap2.bsp
MSG_FILEWRITE - Filesystem was asked to write to 'c:\program files (x86)\steam\steamapps\common\counter-strike global offensive\sdk_content\maps\newmap2.bsp', but we don't own that location. Allowing.
0 seconds elapsed



[Reading texlights from 'lights.rad']
[17 texlights parsed from 'lights.rad']

Loading c:\program files (x86)\steam\steamapps\common\counter-strike global offensive\sdk_content\maps\newmap2.bsp
338 faces
2 degenerate faces
683807 square feet [98468288.00 square inches]
0 Displacements
0 Square Feet [0.00 Square Inches]
336 patches before subdivision
2606 patches after subdivision
2 direct lights
0...1...2...3...4...5...6...7...8...9...100...1...2...3...4...5...6...7...8...9...10transfers 66799, max 239
transfer lists:   0.5 megs
0...1...2...3...4...5...6...7...8...9...10	Bounce #1 added RGB(18143, 18100, 16474)
0...1...2...3...4...5...6...7...8...9...10	Bounce #2 added RGB(2582, 2510, 2210)
0...1...2...3...4...5...6...7...8...9...10	Bounce #3 added RGB(590, 573, 503)
0...1...2...3...4...5...6...7...8...9...10	Bounce #4 added RGB(120, 116, 100)
0...1...2...3...4...5...6...7...8...9...10	Bounce #5 added RGB(30, 29, 25)
0...1...2...3...4...5...6...7...8...9...10	Bounce #6 added RGB(7, 7, 6)
0...1...2...3...4...5...6...7...8...9...10	Bounce #7 added RGB(2, 2, 2)
0...1...2...3...4...5...6...7...8...9...10	Bounce #8 added RGB(0, 0, 0)
Build Patch/Sample Hash Table(s).....Done<0.0004 sec>
0...1...2...3...4...5...6...7...8...9...10FinalLightFace Done
0 of 0 (0% of) surface lights went in leaf ambient cubes.
0...1...2...3...4...5...6...7...8...9...10Writing leaf ambient...done
Ready to Finish

Object names       Objects/Maxobjs  Memory / Maxmem  Fullness 
------------       ---------------  ---------------  -------- 
models                   1/1024           48/49152    ( 0.1%) 
brushes                 52/8192          624/98304    ( 0.6%) 
brushsides             373/81920        2984/655360   ( 0.5%) 
planes                 278/65536        5560/1310720  ( 0.4%) 
vertexes               455/65536        5460/786432   ( 0.7%) 
nodes                  292/65536        9344/2097152  ( 0.4%) 
texinfos                23/12288        1656/884736   ( 0.2%) 
texdata                  6/4096          192/131072   ( 0.1%) 
dispinfos                0/0               0/0        ( 0.0%) 
disp_verts               0/0               0/0        ( 0.0%) 
disp_tris                0/0               0/0        ( 0.0%) 
disp_multiblend          0/0               0/0        ( 0.0%) 
disp_lmsamples           0/0               0/0        ( 0.0%) 
faces                  338/65536       18928/3670016  ( 0.5%) 
hdr faces                0/65536           0/3670016  ( 0.0%) 
origfaces              177/65536        9912/3670016  ( 0.3%) 
facebrushes             89/0             178/0        ( 0.0%) 
facebrushlists         338/0            1352/0        ( 0.0%) 
leaves                 294/65536        9408/2097152  ( 0.4%) 
leaffaces              374/65536         748/131072   ( 0.6%) 
leafbrushes            175/65536         350/131072   ( 0.3%) 
areas                    2/1024           16/8192     ( 0.2%) 
surfedges             2261/512000       9044/2048000  ( 0.4%) 
edges                 1241/256000       4964/1024000  ( 0.5%) 
LDR worldlights          2/8192          200/819200   ( 0.0%) 
HDR worldlights          0/8192            0/819200   ( 0.0%) 
leafwaterdata            0/32768           0/393216   ( 0.0%) 
waterstrips             27/32768         270/327680   ( 0.1%) 
waterverts               0/65536           0/786432   ( 0.0%) 
waterindices           369/65536         738/131072   ( 0.6%) 
cubemapsamples           0/1024            0/16384    ( 0.0%) 
overlays                 0/1024            0/360448   ( 0.0%) 
LDR lightdata         [variable]      121936/0        ( 0.0%) 
HDR lightdata         [variable]           0/0        ( 0.0%) 
visdata               [variable]        4856/16777216 ( 0.0%) 
entdata               [variable]        2082/393216   ( 0.5%) 
LDR ambient table      294/65536        1176/262144   ( 0.4%) 
HDR ambient table      294/65536        1176/262144   ( 0.4%) 
LDR leaf ambient      1232/65536       34496/1835008  ( 1.9%) 
HDR leaf ambient       294/65536        8232/1835008  ( 0.4%) 
occluders                0/0               0/0        ( 0.0%) 
occluder polygons        0/0               0/0        ( 0.0%) 
occluder vert ind        0/0               0/0        ( 0.0%) 
detail props          [variable]           1/12       ( 8.3%) 
static props          [variable]           1/12       ( 8.3%) 
pakfile               [variable]       74426/0        ( 0.0%) 
physics               [variable]       19139/4194304  ( 0.5%) 
physics terrain       [variable]           2/1048576  ( 0.0%) 

Level flags = 7c

Total triangle count: 876
Writing c:\program files (x86)\steam\steamapps\common\counter-strike global offensive\sdk_content\maps\newmap2.bsp
MSG_FILEWRITE - Filesystem was asked to write to 'c:\program files (x86)\steam\steamapps\common\counter-strike global offensive\sdk_content\maps\newmap2.bsp', but we don't own that location. Allowing.
1 second elapsed



materialPath: C:\Program Files (x86)\Steam\steamapps\common\Counter-Strike Global Offensive\csgo\materials
Loading C:\Program Files (x86)\Steam\steamapps\common\Counter-Strike Global Offensive\sdk_content\maps\newmap2.vmf
Map revision 808
fixing up env_cubemap materials on brush sides...
0...1...2...3...4...5...6...7...8...9...100...1...2...3...4...5...6...7...8...9...10Processing areas...done (0)
Building Faces...done (0)
FixTjuncs...
PruneNodes...
WriteBSP...
done (0)
writing C:\Program Files (x86)\Steam\steamapps\common\Counter-Strike Global Offensive\sdk_content\maps\newmap2.prt...Building visibility clusters...
done (0)
Finding displacement neighbors...
Finding lightmap sample positions...
Displacement Alpha : 0...1...2...3...4...5...6...7...8...9...10
Building Physics collision data...
done (0) (19139 bytes)
Placing detail props : 0...1...2...3...4...5...6...7...8...9...10
Compacting texture/material tables...
Reduced 26 texinfos to 23
Reduced 6 texdatas to 6 (124 bytes to 124)
Writing C:\Program Files (x86)\Steam\steamapps\common\Counter-Strike Global Offensive\sdk_content\maps\newmap2.bsp
MSG_FILEWRITE - Filesystem was asked to write to 'c:\program files (x86)\steam\steamapps\common\counter-strike global offensive\sdk_content\maps\newmap2.bsp', but we don't own that location. Allowing.
0 seconds elapsed



8 threads
reading c:\program files (x86)\steam\steamapps\common\counter-strike global offensive\sdk_content\maps\newmap2.bsp
reading c:\program files (x86)\steam\steamapps\common\counter-strike global offensive\sdk_content\maps\newmap2.prt
 121 portalclusters
 364 numportals
0...1...2...3...4...5...6...7...8...9...10Optimized: 345 visible clusters (0.00%)
Total clusters visible: 13284
Average clusters visible: 109
Building PAS...
Average clusters audible: 121
visdatasize:4856  compressed from 3872
writing c:\program files (x86)\steam\steamapps\common\counter-strike global offensive\sdk_content\maps\newmap2.bsp
MSG_FILEWRITE - Filesystem was asked to write to 'c:\program files (x86)\steam\steamapps\common\counter-strike global offensive\sdk_content\maps\newmap2.bsp', but we don't own that location. Allowing.
0 seconds elapsed



[Reading texlights from 'lights.rad']
[17 texlights parsed from 'lights.rad']

Loading c:\program files (x86)\steam\steamapps\common\counter-strike global offensive\sdk_content\maps\newmap2.bsp
338 faces
2 degenerate faces
683807 square feet [98468288.00 square inches]
0 Displacements
0 Square Feet [0.00 Square Inches]
336 patches before subdivision
2606 patches after subdivision
2 direct lights
0...1...2...3...4...5...6...7...8...9...100...1...2...3...4...5...6...7...8...9...10transfers 66799, max 239
transfer lists:   0.5 megs
0...1...2...3...4...5...6...7...8...9...10	Bounce #1 added RGB(18143, 18100, 16474)
0...1...2...3...4...5...6...7...8...9...10	Bounce #2 added RGB(2582, 2510, 2210)
0...1...2...3...4...5...6...7...8...9...10	Bounce #3 added RGB(590, 573, 503)
0...1...2...3...4...5...6...7...8...9...10	Bounce #4 added RGB(120, 116, 100)
0...1...2...3...4...5...6...7...8...9...10	Bounce #5 added RGB(30, 29, 25)
0...1...2...3...4...5...6...7...8...9...10	Bounce #6 added RGB(7, 7, 6)
0...1...2...3...4...5...6...7...8...9...10	Bounce #7 added RGB(2, 2, 2)
0...1...2...3...4...5...6...7...8...9...10	Bounce #8 added RGB(0, 0, 0)
Build Patch/Sample Hash Table(s).....Done<0.0004 sec>
0...1...2...3...4...5...6...7...8...9...10FinalLightFace Done
0 of 0 (0% of) surface lights went in leaf ambient cubes.
0...1...2...3...4...5...6...7...8...9...10Writing leaf ambient...done
Ready to Finish

Object names       Objects/Maxobjs  Memory / Maxmem  Fullness 
------------       ---------------  ---------------  -------- 
models                   1/1024           48/49152    ( 0.1%) 
brushes                 52/8192          624/98304    ( 0.6%) 
brushsides             373/81920        2984/655360   ( 0.5%) 
planes                 278/65536        5560/1310720  ( 0.4%) 
vertexes               455/65536        5460/786432   ( 0.7%) 
nodes                  292/65536        9344/2097152  ( 0.4%) 
texinfos                23/12288        1656/884736   ( 0.2%) 
texdata                  6/4096          192/131072   ( 0.1%) 
dispinfos                0/0               0/0        ( 0.0%) 
disp_verts               0/0               0/0        ( 0.0%) 
disp_tris                0/0               0/0        ( 0.0%) 
disp_multiblend          0/0               0/0        ( 0.0%) 
disp_lmsamples           0/0               0/0        ( 0.0%) 
faces                  338/65536       18928/3670016  ( 0.5%) 
hdr faces                0/65536           0/3670016  ( 0.0%) 
origfaces              177/65536        9912/3670016  ( 0.3%) 
facebrushes             89/0             178/0        ( 0.0%) 
facebrushlists         338/0            1352/0        ( 0.0%) 
leaves                 294/65536        9408/2097152  ( 0.4%) 
leaffaces              374/65536         748/131072   ( 0.6%) 
leafbrushes            175/65536         350/131072   ( 0.3%) 
areas                    2/1024           16/8192     ( 0.2%) 
surfedges             2261/512000       9044/2048000  ( 0.4%) 
edges                 1241/256000       4964/1024000  ( 0.5%) 
LDR worldlights          2/8192          200/819200   ( 0.0%) 
HDR worldlights          0/8192            0/819200   ( 0.0%) 
leafwaterdata            0/32768           0/393216   ( 0.0%) 
waterstrips             27/32768         270/327680   ( 0.1%) 
waterverts               0/65536           0/786432   ( 0.0%) 
waterindices           369/65536         738/131072   ( 0.6%) 
cubemapsamples           0/1024            0/16384    ( 0.0%) 
overlays                 0/1024            0/360448   ( 0.0%) 
LDR lightdata         [variable]      121936/0        ( 0.0%) 
HDR lightdata         [variable]           0/0        ( 0.0%) 
visdata               [variable]        4856/16777216 ( 0.0%) 
entdata               [variable]        2082/393216   ( 0.5%) 
LDR ambient table      294/65536        1176/262144   ( 0.4%) 
HDR ambient table      294/65536        1176/262144   ( 0.4%) 
LDR leaf ambient      1232/65536       34496/1835008  ( 1.9%) 
HDR leaf ambient       294/65536        8232/1835008  ( 0.4%) 
occluders                0/0               0/0        ( 0.0%) 
occluder polygons        0/0               0/0        ( 0.0%) 
occluder vert ind        0/0               0/0        ( 0.0%) 
detail props          [variable]           1/12       ( 8.3%) 
static props          [variable]           1/12       ( 8.3%) 
pakfile               [variable]       74426/0        ( 0.0%) 
physics               [variable]       19139/4194304  ( 0.5%) 
physics terrain       [variable]           2/1048576  ( 0.0%) 

Level flags = 7c

Total triangle count: 876
Writing c:\program files (x86)\steam\steamapps\common\counter-strike global offensive\sdk_content\maps\newmap2.bsp
MSG_FILEWRITE - Filesystem was asked to write to 'c:\program files (x86)\steam\steamapps\common\counter-strike global offensive\sdk_content\maps\newmap2.bsp', but we don't own that location. Allowing.
1 second elapsed



materialPath: C:\Program Files (x86)\Steam\steamapps\common\Counter-Strike Global Offensive\csgo\materials
Loading C:\Program Files (x86)\Steam\steamapps\common\Counter-Strike Global Offensive\sdk_content\maps\newmap2.vmf
Map revision 819
fixing up env_cubemap materials on brush sides...
0...1...2...3...4...5...6...7...8...9...100...1...2...3...4...5...6...7...8...9...10Processing areas...done (0)
Building Faces...done (0)
FixTjuncs...
PruneNodes...
WriteBSP...
done (0)
writing C:\Program Files (x86)\Steam\steamapps\common\Counter-Strike Global Offensive\sdk_content\maps\newmap2.prt...Building visibility clusters...
done (0)
Finding displacement neighbors...
Finding lightmap sample positions...
Displacement Alpha : 0...1...2...3...4...5...6...7...8...9...10
Building Physics collision data...
done (0) (29779 bytes)
Placing detail props : 0...1...2...3...4...5...6...7...8...9...10
Compacting texture/material tables...
Reduced 37 texinfos to 31
Reduced 10 texdatas to 10 (220 bytes to 220)
Writing C:\Program Files (x86)\Steam\steamapps\common\Counter-Strike Global Offensive\sdk_content\maps\newmap2.bsp
MSG_FILEWRITE - Filesystem was asked to write to 'c:\program files (x86)\steam\steamapps\common\counter-strike global offensive\sdk_content\maps\newmap2.bsp', but we don't own that location. Allowing.
0 seconds elapsed



8 threads
reading c:\program files (x86)\steam\steamapps\common\counter-strike global offensive\sdk_content\maps\newmap2.bsp
reading c:\program files (x86)\steam\steamapps\common\counter-strike global offensive\sdk_content\maps\newmap2.prt
 174 portalclusters
 552 numportals
0...1...2...3...4...5...6...7...8...9...10Optimized: 908 visible clusters (0.00%)
Total clusters visible: 26268
Average clusters visible: 150
Building PAS...
Average clusters audible: 174
visdatasize:9060  compressed from 8352
writing c:\program files (x86)\steam\steamapps\common\counter-strike global offensive\sdk_content\maps\newmap2.bsp
MSG_FILEWRITE - Filesystem was asked to write to 'c:\program files (x86)\steam\steamapps\common\counter-strike global offensive\sdk_content\maps\newmap2.bsp', but we don't own that location. Allowing.
0 seconds elapsed



[Reading texlights from 'lights.rad']
[17 texlights parsed from 'lights.rad']

Loading c:\program files (x86)\steam\steamapps\common\counter-strike global offensive\sdk_content\maps\newmap2.bsp
498 faces
2 degenerate faces
693138 square feet [99811888.00 square inches]
0 Displacements
0 Square Feet [0.00 Square Inches]
496 patches before subdivision
4310 patches after subdivision
2 direct lights
0...1...2...3...4...5...6...7...8...9...100...1...2...3...4...5...6...7...8...9...10transfers 128777, max 241
transfer lists:   1.0 megs
0...1...2...3...4...5...6...7...8...9...10	Bounce #1 added RGB(21806, 22016, 20009)
0...1...2...3...4...5...6...7...8...9...10	Bounce #2 added RGB(3149, 3163, 2849)
0...1...2...3...4...5...6...7...8...9...10	Bounce #3 added RGB(769, 775, 706)
0...1...2...3...4...5...6...7...8...9...10	Bounce #4 added RGB(194, 196, 179)
0...1...2...3...4...5...6...7...8...9...10	Bounce #5 added RGB(63, 64, 59)
0...1...2...3...4...5...6...7...8...9...10	Bounce #6 added RGB(22, 22, 21)
0...1...2...3...4...5...6...7...8...9...10	Bounce #7 added RGB(8, 9, 8)
0...1...2...3...4...5...6...7...8...9...10	Bounce #8 added RGB(3, 3, 3)
0...1...2...3...4...5...6...7...8...9...10	Bounce #9 added RGB(1, 1, 1)
0...1...2...3...4...5...6...7...8...9...10	Bounce #10 added RGB(1, 1, 1)
Build Patch/Sample Hash Table(s).....Done<0.0006 sec>
0...1...2...3...4...5...6...7...8...9...10FinalLightFace Done
0 of 0 (0% of) surface lights went in leaf ambient cubes.
0...1...2...3...4...5...6...7...8...9...10Writing leaf ambient...done
Ready to Finish

Object names       Objects/Maxobjs  Memory / Maxmem  Fullness 
------------       ---------------  ---------------  -------- 
models                   1/1024           48/49152    ( 0.1%) 
brushes                 81/8192          972/98304    ( 1.0%) 
brushsides             568/81920        4544/655360   ( 0.7%) 
planes                 368/65536        7360/1310720  ( 0.6%) 
vertexes               726/65536        8712/786432   ( 1.1%) 
nodes                  387/65536       12384/2097152  ( 0.6%) 
texinfos                31/12288        2232/884736   ( 0.3%) 
texdata                 10/4096          320/131072   ( 0.2%) 
dispinfos                0/0               0/0        ( 0.0%) 
disp_verts               0/0               0/0        ( 0.0%) 
disp_tris                0/0               0/0        ( 0.0%) 
disp_multiblend          0/0               0/0        ( 0.0%) 
disp_lmsamples           0/0               0/0        ( 0.0%) 
faces                  498/65536       27888/3670016  ( 0.8%) 
hdr faces                0/65536           0/3670016  ( 0.0%) 
origfaces              276/65536       15456/3670016  ( 0.4%) 
facebrushes            155/0             310/0        ( 0.0%) 
facebrushlists         498/0            1992/0        ( 0.0%) 
leaves                 389/65536       12448/2097152  ( 0.6%) 
leaffaces              551/65536        1102/131072   ( 0.8%) 
leafbrushes            231/65536         462/131072   ( 0.4%) 
areas                    2/1024           16/8192     ( 0.2%) 
surfedges             3472/512000      13888/2048000  ( 0.7%) 
edges                 1941/256000       7764/1024000  ( 0.8%) 
LDR worldlights          2/8192          200/819200   ( 0.0%) 
HDR worldlights          0/8192            0/819200   ( 0.0%) 
leafwaterdata            0/32768           0/393216   ( 0.0%) 
waterstrips             50/32768         500/327680   ( 0.2%) 
waterverts               0/65536           0/786432   ( 0.0%) 
waterindices           765/65536        1530/131072   ( 1.2%) 
cubemapsamples           0/1024            0/16384    ( 0.0%) 
overlays                 0/1024            0/360448   ( 0.0%) 
LDR lightdata         [variable]      202644/0        ( 0.0%) 
HDR lightdata         [variable]           0/0        ( 0.0%) 
visdata               [variable]        9060/16777216 ( 0.1%) 
entdata               [variable]        2902/393216   ( 0.7%) 
LDR ambient table      389/65536        1556/262144   ( 0.6%) 
HDR ambient table      389/65536        1556/262144   ( 0.6%) 
LDR leaf ambient      1697/65536       47516/1835008  ( 2.6%) 
HDR leaf ambient       389/65536       10892/1835008  ( 0.6%) 
occluders                0/0               0/0        ( 0.0%) 
occluder polygons        0/0               0/0        ( 0.0%) 
occluder vert ind        0/0               0/0        ( 0.0%) 
detail props          [variable]           1/12       ( 8.3%) 
static props          [variable]           1/1162     ( 0.1%) 
pakfile               [variable]       74426/0        ( 0.0%) 
physics               [variable]       29779/4194304  ( 0.7%) 
physics terrain       [variable]           2/1048576  ( 0.0%) 

Level flags = 7c

Total triangle count: 1372
Writing c:\program files (x86)\steam\steamapps\common\counter-strike global offensive\sdk_content\maps\newmap2.bsp
MSG_FILEWRITE - Filesystem was asked to write to 'c:\program files (x86)\steam\steamapps\common\counter-strike global offensive\sdk_content\maps\newmap2.bsp', but we don't own that location. Allowing.
1 second elapsed



materialPath: C:\Program Files (x86)\Steam\steamapps\common\Counter-Strike Global Offensive\csgo\materials
Loading C:\Program Files (x86)\Steam\steamapps\common\Counter-Strike Global Offensive\sdk_content\maps\newmap2.vmf
Map revision 820
fixing up env_cubemap materials on brush sides...
0...1...2...3...4...5...6...7...8...9...100...1...2...3...4...5...6...7...8...9...10Processing areas...done (0)
Building Faces...done (0)
FixTjuncs...
PruneNodes...
WriteBSP...
done (0)
writing C:\Program Files (x86)\Steam\steamapps\common\Counter-Strike Global Offensive\sdk_content\maps\newmap2.prt...Building visibility clusters...
done (0)
Finding displacement neighbors...
Finding lightmap sample positions...
Displacement Alpha : 0...1...2...3...4...5...6...7...8...9...10
Building Physics collision data...
done (0) (29779 bytes)
Placing detail props : 0...1...2...3...4...5...6...7...8...9...10
Compacting texture/material tables...
Reduced 37 texinfos to 31
Reduced 10 texdatas to 10 (220 bytes to 220)
Writing C:\Program Files (x86)\Steam\steamapps\common\Counter-Strike Global Offensive\sdk_content\maps\newmap2.bsp
MSG_FILEWRITE - Filesystem was asked to write to 'c:\program files (x86)\steam\steamapps\common\counter-strike global offensive\sdk_content\maps\newmap2.bsp', but we don't own that location. Allowing.
0 seconds elapsed



8 threads
reading c:\program files (x86)\steam\steamapps\common\counter-strike global offensive\sdk_content\maps\newmap2.bsp
reading c:\program files (x86)\steam\steamapps\common\counter-strike global offensive\sdk_content\maps\newmap2.prt
 174 portalclusters
 552 numportals
0...1...2...3...4...5...6...7...8...9...10Optimized: 908 visible clusters (0.00%)
Total clusters visible: 26268
Average clusters visible: 150
Building PAS...
Average clusters audible: 174
visdatasize:9060  compressed from 8352
writing c:\program files (x86)\steam\steamapps\common\counter-strike global offensive\sdk_content\maps\newmap2.bsp
MSG_FILEWRITE - Filesystem was asked to write to 'c:\program files (x86)\steam\steamapps\common\counter-strike global offensive\sdk_content\maps\newmap2.bsp', but we don't own that location. Allowing.
0 seconds elapsed



[Reading texlights from 'lights.rad']
[17 texlights parsed from 'lights.rad']

Loading c:\program files (x86)\steam\steamapps\common\counter-strike global offensive\sdk_content\maps\newmap2.bsp
498 faces
2 degenerate faces
693138 square feet [99811888.00 square inches]
0 Displacements
0 Square Feet [0.00 Square Inches]
496 patches before subdivision
4310 patches after subdivision
2 direct lights
0...1...2...3...4...5...6...7...8...9...100...1...2...3...4...5...6...7...8...9...10transfers 126334, max 235
transfer lists:   1.0 megs
0...1...2...3...4...5...6...7...8...9...10	Bounce #1 added RGB(21487, 21726, 19806)
0...1...2...3...4...5...6...7...8...9...10	Bounce #2 added RGB(3095, 3114, 2815)
0...1...2...3...4...5...6...7...8...9...10	Bounce #3 added RGB(758, 765, 699)
0...1...2...3...4...5...6...7...8...9...10	Bounce #4 added RGB(192, 193, 177)
0...1...2...3...4...5...6...7...8...9...10	Bounce #5 added RGB(62, 63, 58)
0...1...2...3...4...5...6...7...8...9...10	Bounce #6 added RGB(22, 22, 20)
0...1...2...3...4...5...6...7...8...9...10	Bounce #7 added RGB(8, 8, 8)
0...1...2...3...4...5...6...7...8...9...10	Bounce #8 added RGB(3, 3, 3)
0...1...2...3...4...5...6...7...8...9...10	Bounce #9 added RGB(1, 1, 1)
0...1...2...3...4...5...6...7...8...9...10	Bounce #10 added RGB(1, 1, 1)
Build Patch/Sample Hash Table(s).....Done<0.0007 sec>
0...1...2...3...4...5...6...7...8...9...10FinalLightFace Done
0 of 0 (0% of) surface lights went in leaf ambient cubes.
0...1...2...3...4...5...6...7...8...9...10Writing leaf ambient...done
Ready to Finish

Object names       Objects/Maxobjs  Memory / Maxmem  Fullness 
------------       ---------------  ---------------  -------- 
models                   1/1024           48/49152    ( 0.1%) 
brushes                 81/8192          972/98304    ( 1.0%) 
brushsides             568/81920        4544/655360   ( 0.7%) 
planes                 368/65536        7360/1310720  ( 0.6%) 
vertexes               726/65536        8712/786432   ( 1.1%) 
nodes                  387/65536       12384/2097152  ( 0.6%) 
texinfos                31/12288        2232/884736   ( 0.3%) 
texdata                 10/4096          320/131072   ( 0.2%) 
dispinfos                0/0               0/0        ( 0.0%) 
disp_verts               0/0               0/0        ( 0.0%) 
disp_tris                0/0               0/0        ( 0.0%) 
disp_multiblend          0/0               0/0        ( 0.0%) 
disp_lmsamples           0/0               0/0        ( 0.0%) 
faces                  498/65536       27888/3670016  ( 0.8%) 
hdr faces                0/65536           0/3670016  ( 0.0%) 
origfaces              276/65536       15456/3670016  ( 0.4%) 
facebrushes            155/0             310/0        ( 0.0%) 
facebrushlists         498/0            1992/0        ( 0.0%) 
leaves                 389/65536       12448/2097152  ( 0.6%) 
leaffaces              551/65536        1102/131072   ( 0.8%) 
leafbrushes            231/65536         462/131072   ( 0.4%) 
areas                    2/1024           16/8192     ( 0.2%) 
surfedges             3472/512000      13888/2048000  ( 0.7%) 
edges                 1941/256000       7764/1024000  ( 0.8%) 
LDR worldlights          2/8192          200/819200   ( 0.0%) 
HDR worldlights          0/8192            0/819200   ( 0.0%) 
leafwaterdata            0/32768           0/393216   ( 0.0%) 
waterstrips             50/32768         500/327680   ( 0.2%) 
waterverts               0/65536           0/786432   ( 0.0%) 
waterindices           765/65536        1530/131072   ( 1.2%) 
cubemapsamples           0/1024            0/16384    ( 0.0%) 
overlays                 0/1024            0/360448   ( 0.0%) 
LDR lightdata         [variable]      202644/0        ( 0.0%) 
HDR lightdata         [variable]           0/0        ( 0.0%) 
visdata               [variable]        9060/16777216 ( 0.1%) 
entdata               [variable]        2082/393216   ( 0.5%) 
LDR ambient table      389/65536        1556/262144   ( 0.6%) 
HDR ambient table      389/65536        1556/262144   ( 0.6%) 
LDR leaf ambient      1694/65536       47432/1835008  ( 2.6%) 
HDR leaf ambient       389/65536       10892/1835008  ( 0.6%) 
occluders                0/0               0/0        ( 0.0%) 
occluder polygons        0/0               0/0        ( 0.0%) 
occluder vert ind        0/0               0/0        ( 0.0%) 
detail props          [variable]           1/12       ( 8.3%) 
static props          [variable]           1/1412     ( 0.1%) 
pakfile               [variable]       74426/0        ( 0.0%) 
physics               [variable]       29779/4194304  ( 0.7%) 
physics terrain       [variable]           2/1048576  ( 0.0%) 

Level flags = 7c

Total triangle count: 1372
Writing c:\program files (x86)\steam\steamapps\common\counter-strike global offensive\sdk_content\maps\newmap2.bsp
MSG_FILEWRITE - Filesystem was asked to write to 'c:\program files (x86)\steam\steamapps\common\counter-strike global offensive\sdk_content\maps\newmap2.bsp', but we don't own that location. Allowing.
1 second elapsed



materialPath: C:\Program Files (x86)\Steam\steamapps\common\Counter-Strike Global Offensive\csgo\materials
Loading C:\Program Files (x86)\Steam\steamapps\common\Counter-Strike Global Offensive\sdk_content\maps\newmap2.vmf
Map revision 853
fixing up env_cubemap materials on brush sides...
0...1...2...3...4...5...6...7...8...9...100...1...2...3...4...5...6...7...8...9...10Processing areas...done (0)
Building Faces...done (0)
FixTjuncs...
PruneNodes...
WriteBSP...
done (0)
writing C:\Program Files (x86)\Steam\steamapps\common\Counter-Strike Global Offensive\sdk_content\maps\newmap2.prt...Building visibility clusters...
done (0)
Finding displacement neighbors...
Finding lightmap sample positions...
Displacement Alpha : 0...1...2...3...4...5...6...7...8...9...10
Building Physics collision data...
done (0) (44687 bytes)
Placing detail props : 0...1...2...3...4...5...6...7...8...9...10
Compacting texture/material tables...
Reduced 43 texinfos to 35
Reduced 12 texdatas to 12 (262 bytes to 262)
Writing C:\Program Files (x86)\Steam\steamapps\common\Counter-Strike Global Offensive\sdk_content\maps\newmap2.bsp
MSG_FILEWRITE - Filesystem was asked to write to 'c:\program files (x86)\steam\steamapps\common\counter-strike global offensive\sdk_content\maps\newmap2.bsp', but we don't own that location. Allowing.
0 seconds elapsed



8 threads
reading c:\program files (x86)\steam\steamapps\common\counter-strike global offensive\sdk_content\maps\newmap2.bsp
reading c:\program files (x86)\steam\steamapps\common\counter-strike global offensive\sdk_content\maps\newmap2.prt
 241 portalclusters
 757 numportals
0...1...2...3...4...5...6...7...8...9...10Optimized: 1766 visible clusters (0.00%)
Total clusters visible: 49271
Average clusters visible: 204
Building PAS...
Average clusters audible: 241
visdatasize:16938  compressed from 15424
writing c:\program files (x86)\steam\steamapps\common\counter-strike global offensive\sdk_content\maps\newmap2.bsp
MSG_FILEWRITE - Filesystem was asked to write to 'c:\program files (x86)\steam\steamapps\common\counter-strike global offensive\sdk_content\maps\newmap2.bsp', but we don't own that location. Allowing.
0 seconds elapsed



[Reading texlights from 'lights.rad']
[17 texlights parsed from 'lights.rad']

Loading c:\program files (x86)\steam\steamapps\common\counter-strike global offensive\sdk_content\maps\newmap2.bsp
746 faces
2 degenerate faces
715105 square feet [102975184.00 square inches]
0 Displacements
0 Square Feet [0.00 Square Inches]
744 patches before subdivision
8750 patches after subdivision
2 direct lights
0...1...2...3...4...5...6...7...8...9...100...1...2...3...4...5...6...7...8...9...10transfers 332446, max 253
transfer lists:   2.5 megs
0...1...2...3...4...5...6...7...8...9...10	Bounce #1 added RGB(74836, 73435, 64995)
0...1...2...3...4...5...6...7...8...9...10	Bounce #2 added RGB(15961, 15530, 13586)
0...1...2...3...4...5...6...7...8...9...10	Bounce #3 added RGB(4373, 4278, 3778)
0...1...2...3...4...5...6...7...8...9...10	Bounce #4 added RGB(1198, 1176, 1043)
0...1...2...3...4...5...6...7...8...9...10	Bounce #5 added RGB(374, 371, 333)
0...1...2...3...4...5...6...7...8...9...10	Bounce #6 added RGB(119, 118, 107)
0...1...2...3...4...5...6...7...8...9...10	Bounce #7 added RGB(42, 42, 39)
0...1...2...3...4...5...6...7...8...9...10	Bounce #8 added RGB(15, 15, 14)
0...1...2...3...4...5...6...7...8...9...10	Bounce #9 added RGB(6, 6, 5)
0...1...2...3...4...5...6...7...8...9...10	Bounce #10 added RGB(2, 2, 2)
0...1...2...3...4...5...6...7...8...9...10	Bounce #11 added RGB(1, 1, 1)
Build Patch/Sample Hash Table(s).....Done<0.0013 sec>
0...1...2...3...4...5...6...7...8...9...10FinalLightFace Done
0 of 0 (0% of) surface lights went in leaf ambient cubes.
0...1...2...3...4...5...6...7...8...9...10Writing leaf ambient...done
Ready to Finish

Object names       Objects/Maxobjs  Memory / Maxmem  Fullness 
------------       ---------------  ---------------  -------- 
models                   1/1024           48/49152    ( 0.1%) 
brushes                121/8192         1452/98304    ( 1.5%) 
brushsides             835/81920        6680/655360   ( 1.0%) 
planes                 482/65536        9640/1310720  ( 0.7%) 
vertexes              1032/65536       12384/786432   ( 1.6%) 
nodes                  511/65536       16352/2097152  ( 0.8%) 
texinfos                35/12288        2520/884736   ( 0.3%) 
texdata                 12/4096          384/131072   ( 0.3%) 
dispinfos                0/0               0/0        ( 0.0%) 
disp_verts               0/0               0/0        ( 0.0%) 
disp_tris                0/0               0/0        ( 0.0%) 
disp_multiblend          0/0               0/0        ( 0.0%) 
disp_lmsamples           0/0               0/0        ( 0.0%) 
faces                  746/65536       41776/3670016  ( 1.1%) 
hdr faces                0/65536           0/3670016  ( 0.0%) 
origfaces              430/65536       24080/3670016  ( 0.7%) 
facebrushes            173/0             346/0        ( 0.0%) 
facebrushlists         746/0            2984/0        ( 0.0%) 
leaves                 513/65536       16416/2097152  ( 0.8%) 
leaffaces              819/65536        1638/131072   ( 1.2%) 
leafbrushes            305/65536         610/131072   ( 0.5%) 
areas                    2/1024           16/8192     ( 0.2%) 
surfedges             5270/512000      21080/2048000  ( 1.0%) 
edges                 2935/256000      11740/1024000  ( 1.1%) 
LDR worldlights          2/8192          200/819200   ( 0.0%) 
HDR worldlights          0/8192            0/819200   ( 0.0%) 
leafwaterdata            0/32768           0/393216   ( 0.0%) 
waterstrips             80/32768         800/327680   ( 0.2%) 
waterverts               0/65536           0/786432   ( 0.0%) 
waterindices          1194/65536        2388/131072   ( 1.8%) 
cubemapsamples           0/1024            0/16384    ( 0.0%) 
overlays                 0/1024            0/360448   ( 0.0%) 
LDR lightdata         [variable]      346248/0        ( 0.0%) 
HDR lightdata         [variable]           0/0        ( 0.0%) 
visdata               [variable]       16938/16777216 ( 0.1%) 
entdata               [variable]        2091/393216   ( 0.5%) 
LDR ambient table      513/65536        2052/262144   ( 0.8%) 
HDR ambient table      513/65536        2052/262144   ( 0.8%) 
LDR leaf ambient      2382/65536       66696/1835008  ( 3.6%) 
HDR leaf ambient       513/65536       14364/1835008  ( 0.8%) 
occluders                0/0               0/0        ( 0.0%) 
occluder polygons        0/0               0/0        ( 0.0%) 
occluder vert ind        0/0               0/0        ( 0.0%) 
detail props          [variable]           1/12       ( 8.3%) 
static props          [variable]           1/2144     ( 0.0%) 
pakfile               [variable]       74426/0        ( 0.0%) 
physics               [variable]       44687/4194304  ( 1.1%) 
physics terrain       [variable]           2/1048576  ( 0.0%) 

Level flags = 7c

Total triangle count: 2057
Writing c:\program files (x86)\steam\steamapps\common\counter-strike global offensive\sdk_content\maps\newmap2.bsp
MSG_FILEWRITE - Filesystem was asked to write to 'c:\program files (x86)\steam\steamapps\common\counter-strike global offensive\sdk_content\maps\newmap2.bsp', but we don't own that location. Allowing.
2 seconds elapsed



[Reading texlights from 'lights.rad']
[17 texlights parsed from 'lights.rad']

Loading c:\program files (x86)\steam\steamapps\common\counter-strike global offensive\sdk_content\maps\newmap2.bsp
746 faces
2 degenerate faces
715105 square feet [102975184.00 square inches]
0 Displacements
0 Square Feet [0.00 Square Inches]
744 patches before subdivision
8750 patches after subdivision
2 direct lights
0...1...2...3...4...5...6...7...8...9...100...1...2...3...4...5...6...7...8...9...10transfers 332446, max 253
transfer lists:   2.5 megs
0...1...2...3...4...5...6...7...8...9...10	Bounce #1 added RGB(74836, 73435, 64995)
0...1...2...3...4...5...6...7...8...9...10	Bounce #2 added RGB(15961, 15530, 13586)
0...1...2...3...4...5...6...7...8...9...10	Bounce #3 added RGB(4373, 4278, 3778)
0...1...2...3...4...5...6...7...8...9...10	Bounce #4 added RGB(1198, 1176, 1043)
0...1...2...3...4...5...6...7...8...9...10	Bounce #5 added RGB(374, 371, 333)
0...1...2...3...4...5...6...7...8...9...10	Bounce #6 added RGB(119, 118, 107)
0...1...2...3...4...5...6...7...8...9...10	Bounce #7 added RGB(42, 42, 39)
0...1...2...3...4...5...6...7...8...9...10	Bounce #8 added RGB(15, 15, 14)
0...1...2...3...4...5...6...7...8...9...10	Bounce #9 added RGB(6, 6, 5)
0...1...2...3...4...5...6...7...8...9...10	Bounce #10 added RGB(2, 2, 2)
0...1...2...3...4...5...6...7...8...9...10	Bounce #11 added RGB(1, 1, 1)
Build Patch/Sample Hash Table(s).....Done<0.0014 sec>
0...1...2...3...4...5...6...7...8...9...10FinalLightFace Done
0 of 0 (0% of) surface lights went in leaf ambient cubes.
0...1...2...3...4...5...6...7...8...9...10Writing leaf ambient...done
Ready to Finish

Object names       Objects/Maxobjs  Memory / Maxmem  Fullness 
------------       ---------------  ---------------  -------- 
models                   1/1024           48/49152    ( 0.1%) 
brushes                121/8192         1452/98304    ( 1.5%) 
brushsides             835/81920        6680/655360   ( 1.0%) 
planes                 482/65536        9640/1310720  ( 0.7%) 
vertexes              1032/65536       12384/786432   ( 1.6%) 
nodes                  511/65536       16352/2097152  ( 0.8%) 
texinfos                35/12288        2520/884736   ( 0.3%) 
texdata                 12/4096          384/131072   ( 0.3%) 
dispinfos                0/0               0/0        ( 0.0%) 
disp_verts               0/0               0/0        ( 0.0%) 
disp_tris                0/0               0/0        ( 0.0%) 
disp_multiblend          0/0               0/0        ( 0.0%) 
disp_lmsamples           0/0               0/0        ( 0.0%) 
faces                  746/65536       41776/3670016  ( 1.1%) 
hdr faces              746/65536       41776/3670016  ( 1.1%) 
origfaces              430/65536       24080/3670016  ( 0.7%) 
facebrushes            173/0             346/0        ( 0.0%) 
facebrushlists         746/0            2984/0        ( 0.0%) 
leaves                 513/65536       16416/2097152  ( 0.8%) 
leaffaces              819/65536        1638/131072   ( 1.2%) 
leafbrushes            305/65536         610/131072   ( 0.5%) 
areas                    2/1024           16/8192     ( 0.2%) 
surfedges             5270/512000      21080/2048000  ( 1.0%) 
edges                 2935/256000      11740/1024000  ( 1.1%) 
LDR worldlights          2/8192          200/819200   ( 0.0%) 
HDR worldlights          2/8192          200/819200   ( 0.0%) 
leafwaterdata            0/32768           0/393216   ( 0.0%) 
waterstrips             80/32768         800/327680   ( 0.2%) 
waterverts               0/65536           0/786432   ( 0.0%) 
waterindices          1194/65536        2388/131072   ( 1.8%) 
cubemapsamples           0/1024            0/16384    ( 0.0%) 
overlays                 0/1024            0/360448   ( 0.0%) 
LDR lightdata         [variable]      346248/0        ( 0.0%) 
HDR lightdata         [variable]      346248/0        ( 0.0%) 
visdata               [variable]       16938/16777216 ( 0.1%) 
entdata               [variable]        2091/393216   ( 0.5%) 
LDR ambient table      513/65536        2052/262144   ( 0.8%) 
HDR ambient table      513/65536        2052/262144   ( 0.8%) 
LDR leaf ambient      2382/65536       66696/1835008  ( 3.6%) 
HDR leaf ambient      2382/65536       66696/1835008  ( 3.6%) 
occluders                0/0               0/0        ( 0.0%) 
occluder polygons        0/0               0/0        ( 0.0%) 
occluder vert ind        0/0               0/0        ( 0.0%) 
detail props          [variable]           1/12       ( 8.3%) 
static props          [variable]           1/2144     ( 0.0%) 
pakfile               [variable]       74426/0        ( 0.0%) 
physics               [variable]       44687/4194304  ( 1.1%) 
physics terrain       [variable]           2/1048576  ( 0.0%) 

Level flags = 7c

Total triangle count: 2057
Writing c:\program files (x86)\steam\steamapps\common\counter-strike global offensive\sdk_content\maps\newmap2.bsp
MSG_FILEWRITE - Filesystem was asked to write to 'c:\program files (x86)\steam\steamapps\common\counter-strike global offensive\sdk_content\maps\newmap2.bsp', but we don't own that location. Allowing.
2 seconds elapsed



materialPath: C:\Program Files (x86)\Steam\steamapps\common\Counter-Strike Global Offensive\csgo\materials
Loading c:\program files (x86)\steam\steamapps\common\counter-strike global offensive\sdk_content\maps\newmap2.vmf
Map revision 854
fixing up env_cubemap materials on brush sides...
0...1...2...3...4...5...6...7...8...9...100...1...2...3...4...5...6...7...8...9...10Processing areas...done (0)
Building Faces...done (0)
FixTjuncs...
PruneNodes...
WriteBSP...
done (0)
writing c:\program files (x86)\steam\steamapps\common\counter-strike global offensive\sdk_content\maps\newmap2.prt...Building visibility clusters...
done (0)
Finding displacement neighbors...
Finding lightmap sample positions...
Displacement Alpha : 0...1...2...3...4...5...6...7...8...9...10
Building Physics collision data...
done (0) (45047 bytes)
Placing detail props : 0...1...2...3...4...5...6...7...8...9...10
Compacting texture/material tables...
Reduced 43 texinfos to 35
Reduced 12 texdatas to 12 (262 bytes to 262)
Writing c:\program files (x86)\steam\steamapps\common\counter-strike global offensive\sdk_content\maps\newmap2.bsp
MSG_FILEWRITE - Filesystem was asked to write to 'c:\program files (x86)\steam\steamapps\common\counter-strike global offensive\sdk_content\maps\newmap2.bsp', but we don't own that location. Allowing.
0 seconds elapsed



8 threads
reading c:\program files (x86)\steam\steamapps\common\counter-strike global offensive\sdk_content\maps\newmap2.bsp
reading c:\program files (x86)\steam\steamapps\common\counter-strike global offensive\sdk_content\maps\newmap2.prt
 247 portalclusters
 789 numportals
0...1...2...3...4...5...6...7...8...9...10Optimized: 1803 visible clusters (0.00%)
Total clusters visible: 52022
Average clusters visible: 210
Building PAS...
Average clusters audible: 247
visdatasize:17339  compressed from 15808
writing c:\program files (x86)\steam\steamapps\common\counter-strike global offensive\sdk_content\maps\newmap2.bsp
MSG_FILEWRITE - Filesystem was asked to write to 'c:\program files (x86)\steam\steamapps\common\counter-strike global offensive\sdk_content\maps\newmap2.bsp', but we don't own that location. Allowing.
0 seconds elapsed



[Reading texlights from 'lights.rad']
[17 texlights parsed from 'lights.rad']

Loading c:\program files (x86)\steam\steamapps\common\counter-strike global offensive\sdk_content\maps\newmap2.bsp
762 faces
2 degenerate faces
718216 square feet [103423184.00 square inches]
0 Displacements
0 Square Feet [0.00 Square Inches]
760 patches before subdivision
9110 patches after subdivision
2 direct lights
0...1...2...3...4...5...6...7...8...9...100...1...2...3...4...5...6...7...8...9...10transfers 358803, max 254
transfer lists:   2.7 megs
0...1...2...3...4...5...6...7...8...9...10	Bounce #1 added RGB(81161, 79720, 70686)
0...1...2...3...4...5...6...7...8...9...10	Bounce #2 added RGB(19333, 18796, 16445)
Build Patch/Sample Hash Table(s).....Done<0.0013 sec>
0...1...2...3...4...5...6...7...8...9...10FinalLightFace Done
0 of 0 (0% of) surface lights went in leaf ambient cubes.
0...1...2...3...4...5...6...7...8...9...10Writing leaf ambient...done
Ready to Finish

Object names       Objects/Maxobjs  Memory / Maxmem  Fullness 
------------       ---------------  ---------------  -------- 
models                   1/1024           48/49152    ( 0.1%) 
brushes                122/8192         1464/98304    ( 1.5%) 
brushsides             841/81920        6728/655360   ( 1.0%) 
planes                 484/65536        9680/1310720  ( 0.7%) 
vertexes              1046/65536       12552/786432   ( 1.6%) 
nodes                  520/65536       16640/2097152  ( 0.8%) 
texinfos                35/12288        2520/884736   ( 0.3%) 
texdata                 12/4096          384/131072   ( 0.3%) 
dispinfos                0/0               0/0        ( 0.0%) 
disp_verts               0/0               0/0        ( 0.0%) 
disp_tris                0/0               0/0        ( 0.0%) 
disp_multiblend          0/0               0/0        ( 0.0%) 
disp_lmsamples           0/0               0/0        ( 0.0%) 
faces                  762/65536       42672/3670016  ( 1.2%) 
hdr faces                0/65536           0/3670016  ( 0.0%) 
origfaces              435/65536       24360/3670016  ( 0.7%) 
facebrushes            169/0             338/0        ( 0.0%) 
facebrushlists         762/0            3048/0        ( 0.0%) 
leaves                 522/65536       16704/2097152  ( 0.8%) 
leaffaces              851/65536        1702/131072   ( 1.3%) 
leafbrushes            308/65536         616/131072   ( 0.5%) 
areas                    2/1024           16/8192     ( 0.2%) 
surfedges             5350/512000      21400/2048000  ( 1.0%) 
edges                 2977/256000      11908/1024000  ( 1.2%) 
LDR worldlights          2/8192          200/819200   ( 0.0%) 
HDR worldlights          0/8192            0/819200   ( 0.0%) 
leafwaterdata            0/32768           0/393216   ( 0.0%) 
waterstrips             77/32768         770/327680   ( 0.2%) 
waterverts               0/65536           0/786432   ( 0.0%) 
waterindices          1149/65536        2298/131072   ( 1.8%) 
cubemapsamples           0/1024            0/16384    ( 0.0%) 
overlays                 0/1024            0/360448   ( 0.0%) 
LDR lightdata         [variable]      366880/0        ( 0.0%) 
HDR lightdata         [variable]           0/0        ( 0.0%) 
visdata               [variable]       17339/16777216 ( 0.1%) 
entdata               [variable]        2091/393216   ( 0.5%) 
LDR ambient table      522/65536        2088/262144   ( 0.8%) 
HDR ambient table      522/65536        2088/262144   ( 0.8%) 
LDR leaf ambient      2524/65536       70672/1835008  ( 3.9%) 
HDR leaf ambient       522/65536       14616/1835008  ( 0.8%) 
occluders                0/0               0/0        ( 0.0%) 
occluder polygons        0/0               0/0        ( 0.0%) 
occluder vert ind        0/0               0/0        ( 0.0%) 
detail props          [variable]           1/12       ( 8.3%) 
static props          [variable]           1/2142     ( 0.0%) 
pakfile               [variable]       74426/0        ( 0.0%) 
physics               [variable]       45047/4194304  ( 1.1%) 
physics terrain       [variable]           2/1048576  ( 0.0%) 

Level flags = 7c

Total triangle count: 2085
Writing c:\program files (x86)\steam\steamapps\common\counter-strike global offensive\sdk_content\maps\newmap2.bsp
MSG_FILEWRITE - Filesystem was asked to write to 'c:\program files (x86)\steam\steamapps\common\counter-strike global offensive\sdk_content\maps\newmap2.bsp', but we don't own that location. Allowing.
2 seconds elapsed



materialPath: C:\Program Files (x86)\Steam\steamapps\common\Counter-Strike Global Offensive\csgo\materials
Loading c:\program files (x86)\steam\steamapps\common\counter-strike global offensive\sdk_content\maps\newmap2.vmf
Map revision 858
fixing up env_cubemap materials on brush sides...
0...1...2...3...4...5...6...7...8...9...100...1...2...3...4...5...6...7...8...9...10Processing areas...done (0)
Building Faces...done (0)
FixTjuncs...
PruneNodes...
WriteBSP...
done (0)
writing c:\program files (x86)\steam\steamapps\common\counter-strike global offensive\sdk_content\maps\newmap2.prt...Building visibility clusters...
AutoVisClustering (threshold=-1) matched 0 leafs.
done (0)
Finding displacement neighbors...
Finding lightmap sample positions...
Displacement Alpha : 0...1...2...3...4...5...6...7...8...9...10
Building Physics collision data...
done (0) (56055 bytes)
Placing detail props : 0...1...2...3...4...5...6...7...8...9...10
Compacting texture/material tables...
Reduced 43 texinfos to 35
Reduced 12 texdatas to 12 (262 bytes to 262)
Writing c:\program files (x86)\steam\steamapps\common\counter-strike global offensive\sdk_content\maps\newmap2.bsp
MSG_FILEWRITE - Filesystem was asked to write to 'c:\program files (x86)\steam\steamapps\common\counter-strike global offensive\sdk_content\maps\newmap2.bsp', but we don't own that location. Allowing...
0 seconds elapsed



8 threads
reading c:\program files (x86)\steam\steamapps\common\counter-strike global offensive\sdk_content\maps\newmap2.bsp
reading c:\program files (x86)\steam\steamapps\common\counter-strike global offensive\sdk_content\maps\newmap2.prt
 286 portalclusters
 916 numportals
0...1...2...3...4...5...6...7...8...9...10Optimized: 1937 visible clusters (0.00%)
Total clusters visible: 70417
Average clusters visible: 246
Building PAS...
Average clusters audible: 286
visdatasize:22892  compressed from 22880
writing c:\program files (x86)\steam\steamapps\common\counter-strike global offensive\sdk_content\maps\newmap2.bsp
MSG_FILEWRITE - Filesystem was asked to write to 'c:\program files (x86)\steam\steamapps\common\counter-strike global offensive\sdk_content\maps\newmap2.bsp', but we don't own that location. Allowing...
0 seconds elapsed



[Reading texlights from 'lights.rad']
[17 texlights parsed from 'lights.rad']

Loading c:\program files (x86)\steam\steamapps\common\counter-strike global offensive\sdk_content\maps\newmap2.bsp
916 faces
2 degenerate faces
733000 square feet [105552096.00 square inches]
0 Displacements
0 Square Feet [0.00 Square Inches]
914 patches before subdivision
11988 patches after subdivision
2 direct lights
0...1...2...3...4...5...6...7...8...9...100...1...2...3...4...5...6...7...8...9...10transfers 526836, max 281
transfer lists:   4.0 megs
0...1...2...3...4...5...6...7...8...9...10	Bounce #1 added RGB(106345, 104507, 92843)
0...1...2...3...4...5...6...7...8...9...10	Bounce #2 added RGB(23161, 22536, 19756)
Build Patch/Sample Hash Table(s).....Done<0.0020 sec>
0...1...2...3...4...5...6...7...8...9...10FinalLightFace Done
0 of 0 (0% of) surface lights went in leaf ambient cubes.
0...1...2...3...4...5...6...7...8...9...10Writing leaf ambient...done
Ready to Finish

Object names       Objects/Maxobjs  Memory / Maxmem  Fullness 
------------       ---------------  ---------------  -------- 
models                   1/1024           48/49152    ( 0.1%) 
brushes                152/8192         1824/98304    ( 1.9%) 
brushsides            1044/81920        8352/655360   ( 1.3%) 
planes                 554/65536       11080/1310720  ( 0.8%) 
vertexes              1271/65536       15252/786432   ( 1.9%) 
nodes                  594/65536       19008/2097152  ( 0.9%) 
texinfos                35/12288        2520/884736   ( 0.3%) 
texdata                 12/4096          384/131072   ( 0.3%) 
dispinfos                0/0               0/0        ( 0.0%) 
disp_verts               0/0               0/0        ( 0.0%) 
disp_tris                0/0               0/0        ( 0.0%) 
disp_multiblend          0/0               0/0        ( 0.0%) 
disp_lmsamples           0/0               0/0        ( 0.0%) 
faces                  916/65536       51296/3670016  ( 1.4%) 
hdr faces                0/65536           0/3670016  ( 0.0%) 
origfaces              551/65536       30856/3670016  ( 0.8%) 
facebrushes            215/0             430/0        ( 0.0%) 
facebrushlists         916/0            3664/0        ( 0.0%) 
leaves                 596/65536       19072/2097152  ( 0.9%) 
leaffaces             1005/65536        2010/131072   ( 1.5%) 
leafbrushes            352/65536         704/131072   ( 0.5%) 
areas                    2/1024           16/8192     ( 0.2%) 
surfedges             6568/512000      26272/2048000  ( 1.3%) 
edges                 3646/256000      14584/1024000  ( 1.4%) 
LDR worldlights          2/8192          200/819200   ( 0.0%) 
HDR worldlights          0/8192            0/819200   ( 0.0%) 
leafwaterdata            0/32768           0/393216   ( 0.0%) 
waterstrips            104/32768        1040/327680   ( 0.3%) 
waterverts               0/65536           0/786432   ( 0.0%) 
waterindices          1521/65536        3042/131072   ( 2.3%) 
cubemapsamples           0/1024            0/16384    ( 0.0%) 
overlays                 0/1024            0/360448   ( 0.0%) 
LDR lightdata         [variable]      467016/0        ( 0.0%) 
HDR lightdata         [variable]           0/0        ( 0.0%) 
visdata               [variable]       22892/16777216 ( 0.1%) 
entdata               [variable]        2093/393216   ( 0.5%) 
LDR ambient table      596/65536        2384/262144   ( 0.9%) 
HDR ambient table      596/65536        2384/262144   ( 0.9%) 
LDR leaf ambient      3060/65536       85680/1835008  ( 4.7%) 
HDR leaf ambient       596/65536       16688/1835008  ( 0.9%) 
occluders                0/0               0/0        ( 0.0%) 
occluder polygons        0/0               0/0        ( 0.0%) 
occluder vert ind        0/0               0/0        ( 0.0%) 
detail props          [variable]           1/12       ( 8.3%) 
static props          [variable]           1/2142     ( 0.0%) 
pakfile               [variable]       74426/0        ( 0.0%) 
physics               [variable]       56055/4194304  ( 1.3%) 
physics terrain       [variable]           2/1048576  ( 0.0%) 

Level flags = 7c

Total triangle count: 2533
Writing c:\program files (x86)\steam\steamapps\common\counter-strike global offensive\sdk_content\maps\newmap2.bsp
MSG_FILEWRITE - Filesystem was asked to write to 'c:\program files (x86)\steam\steamapps\common\counter-strike global offensive\sdk_content\maps\newmap2.bsp', but we don't own that location. Allowing...
3 seconds elapsed



materialPath: C:\Program Files (x86)\Steam\steamapps\common\Counter-Strike Global Offensive\csgo\materials
Loading c:\program files (x86)\steam\steamapps\common\counter-strike global offensive\sdk_content\maps\newmap2.vmf
Map revision 870
fixing up env_cubemap materials on brush sides...
0...1...2...3...4...5...6...7...8...9...100...1...2...3...4...5...6...7...8...9...10Processing areas...done (0)
Building Faces...done (0)
FixTjuncs...
PruneNodes...
WriteBSP...
done (0)
writing c:\program files (x86)\steam\steamapps\common\counter-strike global offensive\sdk_content\maps\newmap2.prt...Building visibility clusters...
AutoVisClustering (threshold=-1) matched 0 leafs.
done (0)
Finding displacement neighbors...
Finding lightmap sample positions...
Displacement Alpha : 0...1...2...3...4...5...6...7...8...9...10
Building Physics collision data...
done (0) (64399 bytes)
Placing detail props : 0...1...2...3...4...5...6...7...8...9...10
Compacting texture/material tables...
Reduced 43 texinfos to 35
Reduced 12 texdatas to 12 (262 bytes to 262)
Writing c:\program files (x86)\steam\steamapps\common\counter-strike global offensive\sdk_content\maps\newmap2.bsp
MSG_FILEWRITE - Filesystem was asked to write to 'c:\program files (x86)\steam\steamapps\common\counter-strike global offensive\sdk_content\maps\newmap2.bsp', but we don't own that location. Allowing...
0 seconds elapsed



8 threads
reading c:\program files (x86)\steam\steamapps\common\counter-strike global offensive\sdk_content\maps\newmap2.bsp
reading c:\program files (x86)\steam\steamapps\common\counter-strike global offensive\sdk_content\maps\newmap2.prt
 333 portalclusters
1104 numportals
0...1...2...3...4...5...6...7...8...9...10Optimized: 3096 visible clusters (0.00%)
Total clusters visible: 96741
Average clusters visible: 290
Building PAS...
Average clusters audible: 333
visdatasize:30617  compressed from 31968
writing c:\program files (x86)\steam\steamapps\common\counter-strike global offensive\sdk_content\maps\newmap2.bsp
MSG_FILEWRITE - Filesystem was asked to write to 'c:\program files (x86)\steam\steamapps\common\counter-strike global offensive\sdk_content\maps\newmap2.bsp', but we don't own that location. Allowing...
0 seconds elapsed



[Reading texlights from 'lights.rad']
[17 texlights parsed from 'lights.rad']

Loading c:\program files (x86)\steam\steamapps\common\counter-strike global offensive\sdk_content\maps\newmap2.bsp
1053 faces
2 degenerate faces
754873 square feet [108701712.00 square inches]
0 Displacements
0 Square Feet [0.00 Square Inches]
1051 patches before subdivision
15109 patches after subdivision
2 direct lights
0...1...2...3...4...5...6...7...8...9...100...1...2...3...4...5...6...7...8...9...10transfers 721372, max 336
transfer lists:   5.5 megs
0...1...2...3...4...5...6...7...8...9...10	Bounce #1 added RGB(131004, 128883, 114764)
0...1...2...3...4...5...6...7...8...9...10	Bounce #2 added RGB(29491, 28745, 25282)
Build Patch/Sample Hash Table(s).....Done<0.0024 sec>
0...1...2...3...4...5...6...7...8...9...10FinalLightFace Done
0 of 0 (0% of) surface lights went in leaf ambient cubes.
0...1...2...3...4...5...6...7...8...9...10Writing leaf ambient...done
Ready to Finish

Object names       Objects/Maxobjs  Memory / Maxmem  Fullness 
------------       ---------------  ---------------  -------- 
models                   1/1024           48/49152    ( 0.1%) 
brushes                175/8192         2100/98304    ( 2.1%) 
brushsides            1197/81920        9576/655360   ( 1.5%) 
planes                 624/65536       12480/1310720  ( 1.0%) 
vertexes              1464/65536       17568/786432   ( 2.2%) 
nodes                  672/65536       21504/2097152  ( 1.0%) 
texinfos                35/12288        2520/884736   ( 0.3%) 
texdata                 12/4096          384/131072   ( 0.3%) 
dispinfos                0/0               0/0        ( 0.0%) 
disp_verts               0/0               0/0        ( 0.0%) 
disp_tris                0/0               0/0        ( 0.0%) 
disp_multiblend          0/0               0/0        ( 0.0%) 
disp_lmsamples           0/0               0/0        ( 0.0%) 
faces                 1053/65536       58968/3670016  ( 1.6%) 
hdr faces                0/65536           0/3670016  ( 0.0%) 
origfaces              636/65536       35616/3670016  ( 1.0%) 
facebrushes            285/0             570/0        ( 0.0%) 
facebrushlists        1053/0            4212/0        ( 0.0%) 
leaves                 674/65536       21568/2097152  ( 1.0%) 
leaffaces             1145/65536        2290/131072   ( 1.7%) 
leafbrushes            397/65536         794/131072   ( 0.6%) 
areas                    2/1024           16/8192     ( 0.2%) 
surfedges             7556/512000      30224/2048000  ( 1.5%) 
edges                 4186/256000      16744/1024000  ( 1.6%) 
LDR worldlights          2/8192          200/819200   ( 0.0%) 
HDR worldlights          0/8192            0/819200   ( 0.0%) 
leafwaterdata            0/32768           0/393216   ( 0.0%) 
waterstrips            116/32768        1160/327680   ( 0.4%) 
waterverts               0/65536           0/786432   ( 0.0%) 
waterindices          1707/65536        3414/131072   ( 2.6%) 
cubemapsamples           0/1024            0/16384    ( 0.0%) 
overlays                 0/1024            0/360448   ( 0.0%) 
LDR lightdata         [variable]      603644/0        ( 0.0%) 
HDR lightdata         [variable]           0/0        ( 0.0%) 
visdata               [variable]       30617/16777216 ( 0.2%) 
entdata               [variable]        2094/393216   ( 0.5%) 
LDR ambient table      674/65536        2696/262144   ( 1.0%) 
HDR ambient table      674/65536        2696/262144   ( 1.0%) 
LDR leaf ambient      3820/65536      106960/1835008  ( 5.8%) 
HDR leaf ambient       674/65536       18872/1835008  ( 1.0%) 
occluders                0/0               0/0        ( 0.0%) 
occluder polygons        0/0               0/0        ( 0.0%) 
occluder vert ind        0/0               0/0        ( 0.0%) 
detail props          [variable]           1/12       ( 8.3%) 
static props          [variable]           1/2224     ( 0.0%) 
pakfile               [variable]       74426/0        ( 0.0%) 
physics               [variable]       64399/4194304  ( 1.5%) 
physics terrain       [variable]           2/1048576  ( 0.0%) 

Level flags = 7c

Total triangle count: 2909
Writing c:\program files (x86)\steam\steamapps\common\counter-strike global offensive\sdk_content\maps\newmap2.bsp
MSG_FILEWRITE - Filesystem was asked to write to 'c:\program files (x86)\steam\steamapps\common\counter-strike global offensive\sdk_content\maps\newmap2.bsp', but we don't own that location. Allowing...
3 seconds elapsed



materialPath: C:\Program Files (x86)\Steam\steamapps\common\Counter-Strike Global Offensive\csgo\materials
Loading c:\program files (x86)\steam\steamapps\common\counter-strike global offensive\sdk_content\maps\newmap2.vmf
Map revision 880
fixing up env_cubemap materials on brush sides...
0...1...2...3...4...5...6...7...8...9...100...1...2...3...4...5...6...7...8...9...10Processing areas...done (0)
Building Faces...done (0)
FixTjuncs...
PruneNodes...
WriteBSP...
done (0)
writing c:\program files (x86)\steam\steamapps\common\counter-strike global offensive\sdk_content\maps\newmap2.prt...Building visibility clusters...
AutoVisClustering (threshold=-1) matched 0 leafs.
done (0)
Finding displacement neighbors...
Finding lightmap sample positions...
Displacement Alpha : 0...1...2...3...4...5...6...7...8...9...10
Building Physics collision data...
done (0) (71623 bytes)
Placing detail props : 0...1...2...3...4...5...6...7...8...9...10
Compacting texture/material tables...
Reduced 43 texinfos to 35
Reduced 12 texdatas to 12 (262 bytes to 262)
Writing c:\program files (x86)\steam\steamapps\common\counter-strike global offensive\sdk_content\maps\newmap2.bsp
MSG_FILEWRITE - Filesystem was asked to write to 'c:\program files (x86)\steam\steamapps\common\counter-strike global offensive\sdk_content\maps\newmap2.bsp', but we don't own that location. Allowing...
0 seconds elapsed



8 threads
reading c:\program files (x86)\steam\steamapps\common\counter-strike global offensive\sdk_content\maps\newmap2.bsp
reading c:\program files (x86)\steam\steamapps\common\counter-strike global offensive\sdk_content\maps\newmap2.prt
 359 portalclusters
1189 numportals
0...1...2...3...4...5...6...7...8...9...10Optimized: 3853 visible clusters (0.00%)
Total clusters visible: 113100
Average clusters visible: 315
Building PAS...
Average clusters audible: 359
visdatasize:35271  compressed from 34464
writing c:\program files (x86)\steam\steamapps\common\counter-strike global offensive\sdk_content\maps\newmap2.bsp
MSG_FILEWRITE - Filesystem was asked to write to 'c:\program files (x86)\steam\steamapps\common\counter-strike global offensive\sdk_content\maps\newmap2.bsp', but we don't own that location. Allowing...
0 seconds elapsed



[Reading texlights from 'lights.rad']
[17 texlights parsed from 'lights.rad']

Loading c:\program files (x86)\steam\steamapps\common\counter-strike global offensive\sdk_content\maps\newmap2.bsp
1160 faces
2 degenerate faces
760990 square feet [109582592.00 square inches]
0 Displacements
0 Square Feet [0.00 Square Inches]
1158 patches before subdivision
16278 patches after subdivision
2 direct lights
0...1...2...3...4...5...6...7...8...9...100...1...2...3...4...5...6...7...8...9...10transfers 769574, max 366
transfer lists:   5.9 megs
0...1...2...3...4...5...6...7...8...9...10	Bounce #1 added RGB(138518, 136676, 122209)
0...1...2...3...4...5...6...7...8...9...10	Bounce #2 added RGB(30425, 29893, 26581)
Build Patch/Sample Hash Table(s).....Done<0.0025 sec>
0...1...2...3...4...5...6...7...8...9...10FinalLightFace Done
0 of 0 (0% of) surface lights went in leaf ambient cubes.
0...1...2...3...4...5...6...7...8...9...10Writing leaf ambient...done
Ready to Finish

Object names       Objects/Maxobjs  Memory / Maxmem  Fullness 
------------       ---------------  ---------------  -------- 
models                   1/1024           48/49152    ( 0.1%) 
brushes                196/8192         2352/98304    ( 2.4%) 
brushsides            1327/81920       10616/655360   ( 1.6%) 
planes                 656/65536       13120/1310720  ( 1.0%) 
vertexes              1619/65536       19428/786432   ( 2.5%) 
nodes                  723/65536       23136/2097152  ( 1.1%) 
texinfos                35/12288        2520/884736   ( 0.3%) 
texdata                 12/4096          384/131072   ( 0.3%) 
dispinfos                0/0               0/0        ( 0.0%) 
disp_verts               0/0               0/0        ( 0.0%) 
disp_tris                0/0               0/0        ( 0.0%) 
disp_multiblend          0/0               0/0        ( 0.0%) 
disp_lmsamples           0/0               0/0        ( 0.0%) 
faces                 1160/65536       64960/3670016  ( 1.8%) 
hdr faces                0/65536           0/3670016  ( 0.0%) 
origfaces              715/65536       40040/3670016  ( 1.1%) 
facebrushes            303/0             606/0        ( 0.0%) 
facebrushlists        1160/0            4640/0        ( 0.0%) 
leaves                 725/65536       23200/2097152  ( 1.1%) 
leaffaces             1257/65536        2514/131072   ( 1.9%) 
leafbrushes            425/65536         850/131072   ( 0.6%) 
areas                    2/1024           16/8192     ( 0.2%) 
surfedges             8388/512000      33552/2048000  ( 1.6%) 
edges                 4661/256000      18644/1024000  ( 1.8%) 
LDR worldlights          2/8192          200/819200   ( 0.0%) 
HDR worldlights          0/8192            0/819200   ( 0.0%) 
leafwaterdata            0/32768           0/393216   ( 0.0%) 
waterstrips            135/32768        1350/327680   ( 0.4%) 
waterverts               0/65536           0/786432   ( 0.0%) 
waterindices          1992/65536        3984/131072   ( 3.0%) 
cubemapsamples           0/1024            0/16384    ( 0.0%) 
overlays                 0/1024            0/360448   ( 0.0%) 
LDR lightdata         [variable]      649396/0        ( 0.0%) 
HDR lightdata         [variable]           0/0        ( 0.0%) 
visdata               [variable]       35271/16777216 ( 0.2%) 
entdata               [variable]        2094/393216   ( 0.5%) 
LDR ambient table      725/65536        2900/262144   ( 1.1%) 
HDR ambient table      725/65536        2900/262144   ( 1.1%) 
LDR leaf ambient      3978/65536      111384/1835008  ( 6.1%) 
HDR leaf ambient       725/65536       20300/1835008  ( 1.1%) 
occluders                0/0               0/0        ( 0.0%) 
occluder polygons        0/0               0/0        ( 0.0%) 
occluder vert ind        0/0               0/0        ( 0.0%) 
detail props          [variable]           1/12       ( 8.3%) 
static props          [variable]           1/2400     ( 0.0%) 
pakfile               [variable]       74426/0        ( 0.0%) 
physics               [variable]       71623/4194304  ( 1.7%) 
physics terrain       [variable]           2/1048576  ( 0.0%) 

Level flags = 7c

Total triangle count: 3219
Writing c:\program files (x86)\steam\steamapps\common\counter-strike global offensive\sdk_content\maps\newmap2.bsp
MSG_FILEWRITE - Filesystem was asked to write to 'c:\program files (x86)\steam\steamapps\common\counter-strike global offensive\sdk_content\maps\newmap2.bsp', but we don't own that location. Allowing...
3 seconds elapsed



materialPath: C:\Program Files (x86)\Steam\steamapps\common\Counter-Strike Global Offensive\csgo\materials
Loading f:\git files\csgomapfiles\newmap2.vmf
Map revision 901
fixing up env_cubemap materials on brush sides...
0...1...2...3...4...5...6...7...8...9...100...1...2...3...4...5...6...7...8...9...10Processing areas...done (0)
Building Faces...done (0)
FixTjuncs...
PruneNodes...
WriteBSP...
done (0)
writing f:\git files\csgomapfiles\newmap2.prt...Building visibility clusters...
AutoVisClustering (threshold=-1) matched 0 leafs.
done (0)
Finding displacement neighbors...
Finding lightmap sample positions...
Displacement Alpha : 0...1...2...3...4...5...6...7...8...9...10
Building Physics collision data...
done (0) (81775 bytes)
Placing detail props : 0...1...2...3...4...5...6...7...8...9...10
Compacting texture/material tables...
Reduced 43 texinfos to 35
Reduced 12 texdatas to 12 (262 bytes to 262)
Writing f:\git files\csgomapfiles\newmap2.bsp
MSG_FILEWRITE - Filesystem was asked to write to 'f:\git files\csgomapfiles\newmap2.bsp', but we don't own that location. Allowing...
0 seconds elapsed



8 threads
reading f:\git files\csgomapfiles\newmap2.bsp
reading f:\git files\csgomapfiles\newmap2.prt
 391 portalclusters
1287 numportals
0...1...2...3...4...5...6...7...8...9...10Optimized: 5762 visible clusters (0.00%)
Total clusters visible: 131315
Average clusters visible: 335
Building PAS...
Average clusters audible: 391
visdatasize:41459  compressed from 43792
writing f:\git files\csgomapfiles\newmap2.bsp
MSG_FILEWRITE - Filesystem was asked to write to 'f:\git files\csgomapfiles\newmap2.bsp', but we don't own that location. Allowing...
0 seconds elapsed



[Reading texlights from 'lights.rad']
[17 texlights parsed from 'lights.rad']

Loading f:\git files\csgomapfiles\newmap2.bsp
1280 faces
2 degenerate faces
767630 square feet [110538816.00 square inches]
0 Displacements
0 Square Feet [0.00 Square Inches]
1278 patches before subdivision
17546 patches after subdivision
2 direct lights
0...1...2...3...4...5...6...7...8...9...100...1...2...3...4...5...6...7...8...9...10transfers 844552, max 415
transfer lists:   6.4 megs
0...1...2...3...4...5...6...7...8...9...10	Bounce #1 added RGB(157110, 154470, 137508)
0...1...2...3...4...5...6...7...8...9...10	Bounce #2 added RGB(34947, 34191, 30243)
Build Patch/Sample Hash Table(s).....Done<0.0029 sec>
0...1...2...3...4...5...6...7...8...9...10FinalLightFace Done
0 of 0 (0% of) surface lights went in leaf ambient cubes.
0...1...2...3...4...5...6...7...8...9...10Writing leaf ambient...done
Ready to Finish

Object names       Objects/Maxobjs  Memory / Maxmem  Fullness 
------------       ---------------  ---------------  -------- 
models                   1/1024           48/49152    ( 0.1%) 
brushes                225/8192         2700/98304    ( 2.7%) 
brushsides            1536/81920       12288/655360   ( 1.9%) 
planes                 714/65536       14280/1310720  ( 1.1%) 
vertexes              1804/65536       21648/786432   ( 2.8%) 
nodes                  800/65536       25600/2097152  ( 1.2%) 
texinfos                35/12288        2520/884736   ( 0.3%) 
texdata                 12/4096          384/131072   ( 0.3%) 
dispinfos                0/0               0/0        ( 0.0%) 
disp_verts               0/0               0/0        ( 0.0%) 
disp_tris                0/0               0/0        ( 0.0%) 
disp_multiblend          0/0               0/0        ( 0.0%) 
disp_lmsamples           0/0               0/0        ( 0.0%) 
faces                 1280/65536       71680/3670016  ( 2.0%) 
hdr faces                0/65536           0/3670016  ( 0.0%) 
origfaces              793/65536       44408/3670016  ( 1.2%) 
facebrushes            416/0             832/0        ( 0.0%) 
facebrushlists        1280/0            5120/0        ( 0.0%) 
leaves                 802/65536       25664/2097152  ( 1.2%) 
leaffaces             1400/65536        2800/131072   ( 2.1%) 
leafbrushes            499/65536         998/131072   ( 0.8%) 
areas                    2/1024           16/8192     ( 0.2%) 
surfedges             9265/512000      37060/2048000  ( 1.8%) 
edges                 5148/256000      20592/1024000  ( 2.0%) 
LDR worldlights          2/8192          200/819200   ( 0.0%) 
HDR worldlights          0/8192            0/819200   ( 0.0%) 
leafwaterdata            0/32768           0/393216   ( 0.0%) 
waterstrips            144/32768        1440/327680   ( 0.4%) 
waterverts               0/65536           0/786432   ( 0.0%) 
waterindices          2100/65536        4200/131072   ( 3.2%) 
cubemapsamples           0/1024            0/16384    ( 0.0%) 
overlays                 0/1024            0/360448   ( 0.0%) 
LDR lightdata         [variable]      699528/0        ( 0.0%) 
HDR lightdata         [variable]           0/0        ( 0.0%) 
visdata               [variable]       41459/16777216 ( 0.2%) 
entdata               [variable]        2094/393216   ( 0.5%) 
LDR ambient table      802/65536        3208/262144   ( 1.2%) 
HDR ambient table      802/65536        3208/262144   ( 1.2%) 
LDR leaf ambient      4218/65536      118104/1835008  ( 6.4%) 
HDR leaf ambient       802/65536       22456/1835008  ( 1.2%) 
occluders                0/0               0/0        ( 0.0%) 
occluder polygons        0/0               0/0        ( 0.0%) 
occluder vert ind        0/0               0/0        ( 0.0%) 
detail props          [variable]           1/12       ( 8.3%) 
static props          [variable]           1/2406     ( 0.0%) 
pakfile               [variable]       74426/0        ( 0.0%) 
physics               [variable]       81775/4194304  ( 1.9%) 
physics terrain       [variable]           2/1048576  ( 0.0%) 

Level flags = 7c

Total triangle count: 3542
Writing f:\git files\csgomapfiles\newmap2.bsp
MSG_FILEWRITE - Filesystem was asked to write to 'f:\git files\csgomapfiles\newmap2.bsp', but we don't own that location. Allowing...
3 seconds elapsed



materialPath: C:\Program Files (x86)\Steam\steamapps\common\Counter-Strike Global Offensive\csgo\materials
Loading f:\git files\csgomapfiles\newmap2.vmf
Map revision 921
fixing up env_cubemap materials on brush sides...
0...1...2...3...4...5...6...7...8...9...100...1...2...3...4...5...6...7...8...9...10Processing areas...done (0)
Building Faces...done (0)
FixTjuncs...
PruneNodes...
WriteBSP...
done (0)
writing f:\git files\csgomapfiles\newmap2.prt...Building visibility clusters...
AutoVisClustering (threshold=-1) matched 0 leafs.
done (0)
Finding displacement neighbors...
Finding lightmap sample positions...
Displacement Alpha : 0...1...2...3...4...5...6...7...8...9...10
Building Physics collision data...
done (0) (91583 bytes)
Placing detail props : 0...1...2...3...4...5...6...7...8...9...10
Compacting texture/material tables...
Reduced 43 texinfos to 35
Reduced 12 texdatas to 12 (262 bytes to 262)
Writing f:\git files\csgomapfiles\newmap2.bsp
MSG_FILEWRITE - Filesystem was asked to write to 'f:\git files\csgomapfiles\newmap2.bsp', but we don't own that location. Allowing...
0 seconds elapsed



8 threads
reading f:\git files\csgomapfiles\newmap2.bsp
reading f:\git files\csgomapfiles\newmap2.prt
 425 portalclusters
1375 numportals
0...1...2...3...4...5...6...7...8...9...10Optimized: 8961 visible clusters (0.00%)
Total clusters visible: 148952
Average clusters visible: 350
Building PAS...
Average clusters audible: 424
visdatasize:49142  compressed from 47600
writing f:\git files\csgomapfiles\newmap2.bsp
MSG_FILEWRITE - Filesystem was asked to write to 'f:\git files\csgomapfiles\newmap2.bsp', but we don't own that location. Allowing...
0 seconds elapsed



[Reading texlights from 'lights.rad']
[17 texlights parsed from 'lights.rad']

Loading f:\git files\csgomapfiles\newmap2.bsp
1417 faces
2 degenerate faces
777190 square feet [111915392.00 square inches]
0 Displacements
0 Square Feet [0.00 Square Inches]
1415 patches before subdivision
19561 patches after subdivision
2 direct lights
0...1...2...3...4...5...6...7...8...9...100...1...2...3...4...5...6...7...8...9...10transfers 928151, max 462
transfer lists:   7.1 megs
0...1...2...3...4...5...6...7...8...9...10	Bounce #1 added RGB(172766, 170191, 151938)
0...1...2...3...4...5...6...7...8...9...10	Bounce #2 added RGB(40496, 39677, 35177)
Build Patch/Sample Hash Table(s).....Done<0.0031 sec>
0...1...2...3...4...5...6...7...8...9...10FinalLightFace Done
0 of 0 (0% of) surface lights went in leaf ambient cubes.
0...1...2...3...4...5...6...7...8...9...10Writing leaf ambient...done
Ready to Finish

Object names       Objects/Maxobjs  Memory / Maxmem  Fullness 
------------       ---------------  ---------------  -------- 
models                   1/1024           48/49152    ( 0.1%) 
brushes                253/8192         3036/98304    ( 3.1%) 
brushsides            1727/81920       13816/655360   ( 2.1%) 
planes                 770/65536       15400/1310720  ( 1.2%) 
vertexes              2026/65536       24312/786432   ( 3.1%) 
nodes                  881/65536       28192/2097152  ( 1.3%) 
texinfos                35/12288        2520/884736   ( 0.3%) 
texdata                 12/4096          384/131072   ( 0.3%) 
dispinfos                0/0               0/0        ( 0.0%) 
disp_verts               0/0               0/0        ( 0.0%) 
disp_tris                0/0               0/0        ( 0.0%) 
disp_multiblend          0/0               0/0        ( 0.0%) 
disp_lmsamples           0/0               0/0        ( 0.0%) 
faces                 1417/65536       79352/3670016  ( 2.2%) 
hdr faces                0/65536           0/3670016  ( 0.0%) 
origfaces              875/65536       49000/3670016  ( 1.3%) 
facebrushes            491/0             982/0        ( 0.0%) 
facebrushlists        1417/0            5668/0        ( 0.0%) 
leaves                 883/65536       28256/2097152  ( 1.3%) 
leaffaces             1557/65536        3114/131072   ( 2.4%) 
leafbrushes            571/65536        1142/131072   ( 0.9%) 
areas                    2/1024           16/8192     ( 0.2%) 
surfedges            10283/512000      41132/2048000  ( 2.0%) 
edges                 5746/256000      22984/1024000  ( 2.2%) 
LDR worldlights          2/8192          200/819200   ( 0.0%) 
HDR worldlights          0/8192            0/819200   ( 0.0%) 
leafwaterdata            0/32768           0/393216   ( 0.0%) 
waterstrips            173/32768        1730/327680   ( 0.5%) 
waterverts               0/65536           0/786432   ( 0.0%) 
waterindices          2553/65536        5106/131072   ( 3.9%) 
cubemapsamples           0/1024            0/16384    ( 0.0%) 
overlays                 0/1024            0/360448   ( 0.0%) 
LDR lightdata         [variable]      764884/0        ( 0.0%) 
HDR lightdata         [variable]           0/0        ( 0.0%) 
visdata               [variable]       49142/16777216 ( 0.3%) 
entdata               [variable]        2094/393216   ( 0.5%) 
LDR ambient table      883/65536        3532/262144   ( 1.3%) 
HDR ambient table      883/65536        3532/262144   ( 1.3%) 
LDR leaf ambient      4292/65536      120176/1835008  ( 6.5%) 
HDR leaf ambient       883/65536       24724/1835008  ( 1.3%) 
occluders                0/0               0/0        ( 0.0%) 
occluder polygons        0/0               0/0        ( 0.0%) 
occluder vert ind        0/0               0/0        ( 0.0%) 
detail props          [variable]           1/12       ( 8.3%) 
static props          [variable]           1/2666     ( 0.0%) 
pakfile               [variable]       74426/0        ( 0.0%) 
physics               [variable]       91583/4194304  ( 2.2%) 
physics terrain       [variable]           2/1048576  ( 0.0%) 

Level flags = 7c

Total triangle count: 3958
Writing f:\git files\csgomapfiles\newmap2.bsp
MSG_FILEWRITE - Filesystem was asked to write to 'f:\git files\csgomapfiles\newmap2.bsp', but we don't own that location. Allowing...
3 seconds elapsed
